<?xml version="1.0" encoding="UTF-8"?>
<!-- Generated by org.testng.reporters.JUnitReportReporter -->
<testsuite hostname="Kaykaku" failures="0" tests="7" name="com.edusys.dao.NhanVienDAOTest" time="1.188" errors="0" timestamp="2022-04-16T01:46:00 ICT" skipped="0">
  <testcase classname="com.edusys.dao.NhanVienDAOTest" name="testSelectBySql" time="0.489"/>
  <system-out/>
  <testcase classname="com.edusys.dao.NhanVienDAOTest" name="testSelectAll" time="0.029"/>
  <system-out/>
  <testcase classname="com.edusys.dao.NhanVienDAOTest" name="testSelectByID" time="0.043"/>
  <system-out/>
  <testcase classname="com.edusys.dao.NhanVienDAOTest" name="testSelectByKey" time="0.023"/>
  <system-out/>
  <testcase classname="com.edusys.dao.NhanVienDAOTest" name="testInsert" time="0.167"/>
  <system-out/>
  <testcase classname="com.edusys.dao.NhanVienDAOTest" name="testUpdate" time="0.252"/>
  <system-out/>
  <testcase classname="com.edusys.dao.NhanVienDAOTest" name="testDelete" time="0.185"/>
  <system-out/>
</testsuite> <!-- com.edusys.dao.NhanVienDAOTest -->
